<?xml version="1.0" encoding="UTF-8"?>
<testng-results skipped="0" failed="0" total="0" passed="0">
  <reporter-output>
  </reporter-output>
  <suite name="com.alex.neowl.AppTest" duration-ms="4" started-at="2016-07-30T08:43:18Z" finished-at="2016-07-30T08:43:18Z">
    <groups>
    </groups>
    <test name="Command line test" duration-ms="4" started-at="2016-07-30T08:43:18Z" finished-at="2016-07-30T08:43:18Z">
    </test> <!-- Command line test -->
  </suite> <!-- com.alex.neowl.AppTest -->
</testng-results>
